<?xml version="1.0" encoding="UTF-8"?>
<!-- Generated by org.testng.reporters.JUnitReportReporter -->
<testsuite hostname="DESKTOP-92QM0S8" failures="0" tests="6" name="parallel.RunCucumberTest" time="203.693" errors="0" timestamp="2024-01-06T15:31:13 CET" skipped="0">
  <testcase classname="parallel.RunCucumberTest" name="runScenario" time="28.250"/>
  <system-out/>
  <testcase classname="parallel.RunCucumberTest" name="runScenario" time="30.083"/>
  <system-out/>
  <testcase classname="parallel.RunCucumberTest" name="runScenario" time="35.964"/>
  <system-out/>
  <testcase classname="parallel.RunCucumberTest" name="runScenario" time="40.831"/>
  <system-out/>
  <testcase classname="parallel.RunCucumberTest" name="runScenario" time="33.756"/>
  <system-out/>
  <testcase classname="parallel.RunCucumberTest" name="runScenario" time="34.809"/>
  <system-out/>
</testsuite> <!-- parallel.RunCucumberTest -->
